<?xml version="1.0" encoding="UTF-8"?>
<testsuite name="ru.hogwarts.school.SchoolApplicationTests" tests="1" skipped="0" failures="0" errors="0" timestamp="2022-11-28T14:34:27" hostname="DESKTOP-H56HEL9" time="0.09">
  <properties/>
  <testcase name="contextLoads()" classname="ru.hogwarts.school.SchoolApplicationTests" time="0.09"/>
  <system-out><![CDATA[20:34:24.498 [Test worker] DEBUG org.springframework.test.context.BootstrapUtils - Instantiating CacheAwareContextLoaderDelegate from class [org.springframework.test.context.cache.DefaultCacheAwareContextLoaderDelegate]
20:34:24.503 [Test worker] DEBUG org.springframework.test.context.BootstrapUtils - Instantiating BootstrapContext using constructor [public org.springframework.test.context.support.DefaultBootstrapContext(java.lang.Class,org.springframework.test.context.CacheAwareContextLoaderDelegate)]
20:34:24.521 [Test worker] DEBUG org.springframework.test.context.BootstrapUtils - Instantiating TestContextBootstrapper for test class [ru.hogwarts.school.SchoolApplicationTests] from class [org.springframework.boot.test.context.SpringBootTestContextBootstrapper]
20:34:24.526 [Test worker] INFO org.springframework.boot.test.context.SpringBootTestContextBootstrapper - Neither @ContextConfiguration nor @ContextHierarchy found for test class [ru.hogwarts.school.SchoolApplicationTests], using SpringBootContextLoader
20:34:24.528 [Test worker] DEBUG org.springframework.test.context.support.AbstractContextLoader - Did not detect default resource location for test class [ru.hogwarts.school.SchoolApplicationTests]: class path resource [ru/hogwarts/school/SchoolApplicationTests-context.xml] does not exist
20:34:24.528 [Test worker] DEBUG org.springframework.test.context.support.AbstractContextLoader - Did not detect default resource location for test class [ru.hogwarts.school.SchoolApplicationTests]: class path resource [ru/hogwarts/school/SchoolApplicationTestsContext.groovy] does not exist
20:34:24.529 [Test worker] INFO org.springframework.test.context.support.AbstractContextLoader - Could not detect default resource locations for test class [ru.hogwarts.school.SchoolApplicationTests]: no resource found for suffixes {-context.xml, Context.groovy}.
20:34:24.529 [Test worker] INFO org.springframework.test.context.support.AnnotationConfigContextLoaderUtils - Could not detect default configuration classes for test class [ru.hogwarts.school.SchoolApplicationTests]: SchoolApplicationTests does not declare any static, non-private, non-final, nested classes annotated with @Configuration.
20:34:24.550 [Test worker] DEBUG org.springframework.test.context.support.ActiveProfilesUtils - Could not find an 'annotation declaring class' for annotation type [org.springframework.test.context.ActiveProfiles] and class [ru.hogwarts.school.SchoolApplicationTests]
20:34:24.583 [Test worker] DEBUG org.springframework.context.annotation.ClassPathScanningCandidateComponentProvider - Identified candidate component class: file [C:\Users\Igor\IdeaProjects\patern\school\build\classes\java\main\ru\hogwarts\school\SchoolApplication.class]
20:34:24.583 [Test worker] INFO org.springframework.boot.test.context.SpringBootTestContextBootstrapper - Found @SpringBootConfiguration ru.hogwarts.school.SchoolApplication for test class ru.hogwarts.school.SchoolApplicationTests
20:34:24.625 [Test worker] DEBUG org.springframework.boot.test.context.SpringBootTestContextBootstrapper - @TestExecutionListeners is not present for class [ru.hogwarts.school.SchoolApplicationTests]: using defaults.
20:34:24.625 [Test worker] INFO org.springframework.boot.test.context.SpringBootTestContextBootstrapper - Loaded default TestExecutionListener class names from location [META-INF/spring.factories]: [org.springframework.boot.test.autoconfigure.restdocs.RestDocsTestExecutionListener, org.springframework.boot.test.autoconfigure.web.client.MockRestServiceServerResetTestExecutionListener, org.springframework.boot.test.autoconfigure.web.servlet.MockMvcPrintOnlyOnFailureTestExecutionListener, org.springframework.boot.test.autoconfigure.web.servlet.WebDriverTestExecutionListener, org.springframework.boot.test.autoconfigure.webservices.client.MockWebServiceServerTestExecutionListener, org.springframework.boot.test.mock.mockito.MockitoTestExecutionListener, org.springframework.boot.test.mock.mockito.ResetMocksTestExecutionListener, org.springframework.test.context.web.ServletTestExecutionListener, org.springframework.test.context.support.DirtiesContextBeforeModesTestExecutionListener, org.springframework.test.context.event.ApplicationEventsTestExecutionListener, org.springframework.test.context.support.DependencyInjectionTestExecutionListener, org.springframework.test.context.support.DirtiesContextTestExecutionListener, org.springframework.test.context.transaction.TransactionalTestExecutionListener, org.springframework.test.context.jdbc.SqlScriptsTestExecutionListener, org.springframework.test.context.event.EventPublishingTestExecutionListener]
20:34:24.632 [Test worker] INFO org.springframework.boot.test.context.SpringBootTestContextBootstrapper - Using TestExecutionListeners: [org.springframework.test.context.web.ServletTestExecutionListener@89c10b7, org.springframework.test.context.support.DirtiesContextBeforeModesTestExecutionListener@5dbe30be, org.springframework.test.context.event.ApplicationEventsTestExecutionListener@4fe89c24, org.springframework.boot.test.mock.mockito.MockitoTestExecutionListener@55795845, org.springframework.boot.test.autoconfigure.SpringBootDependencyInjectionTestExecutionListener@3d08f3f5, org.springframework.test.context.support.DirtiesContextTestExecutionListener@119f1f2a, org.springframework.test.context.transaction.TransactionalTestExecutionListener@1a1da881, org.springframework.test.context.jdbc.SqlScriptsTestExecutionListener@5b970f7, org.springframework.test.context.event.EventPublishingTestExecutionListener@7fd4acee, org.springframework.boot.test.autoconfigure.restdocs.RestDocsTestExecutionListener@165b8a71, org.springframework.boot.test.autoconfigure.web.client.MockRestServiceServerResetTestExecutionListener@6175619b, org.springframework.boot.test.autoconfigure.web.servlet.MockMvcPrintOnlyOnFailureTestExecutionListener@2f058b8a, org.springframework.boot.test.autoconfigure.web.servlet.WebDriverTestExecutionListener@756cf158, org.springframework.boot.test.autoconfigure.webservices.client.MockWebServiceServerTestExecutionListener@3f2ef586, org.springframework.boot.test.mock.mockito.ResetMocksTestExecutionListener@751d3241]
20:34:24.634 [Test worker] DEBUG org.springframework.test.context.support.AbstractDirtiesContextTestExecutionListener - Before test class: context [DefaultTestContext@f9d87b testClass = SchoolApplicationTests, testInstance = [null], testMethod = [null], testException = [null], mergedContextConfiguration = [WebMergedContextConfiguration@6ffab045 testClass = SchoolApplicationTests, locations = '{}', classes = '{class ru.hogwarts.school.SchoolApplication}', contextInitializerClasses = '[]', activeProfiles = '{}', propertySourceLocations = '{}', propertySourceProperties = '{org.springframework.boot.test.context.SpringBootTestContextBootstrapper=true}', contextCustomizers = set[org.springframework.boot.test.autoconfigure.actuate.metrics.MetricsExportContextCustomizerFactory$DisableMetricExportContextCustomizer@5e4bd84a, org.springframework.boot.test.autoconfigure.properties.PropertyMappingContextCustomizer@0, org.springframework.boot.test.autoconfigure.web.servlet.WebDriverContextCustomizerFactory$Customizer@7776ab, org.springframework.boot.test.context.filter.ExcludeFilterContextCustomizer@2f1de2d6, org.springframework.boot.test.json.DuplicateJsonObjectContextCustomizerFactory$DuplicateJsonObjectContextCustomizer@289710d9, org.springframework.boot.test.mock.mockito.MockitoContextCustomizer@0, org.springframework.boot.test.web.client.TestRestTemplateContextCustomizer@34a875b3, org.springframework.boot.test.context.SpringBootTestArgs@1, org.springframework.boot.test.context.SpringBootTestWebEnvironment@3fb1549b], resourceBasePath = 'src/main/webapp', contextLoader = 'org.springframework.boot.test.context.SpringBootContextLoader', parent = [null]], attributes = map['org.springframework.test.context.web.ServletTestExecutionListener.activateListener' -> true]], class annotated with @DirtiesContext [false] with mode [null].

  .   ____          _            __ _ _
 /\\ / ___'_ __ _ _(_)_ __  __ _ \ \ \ \
( ( )\___ | '_ | '_| | '_ \/ _` | \ \ \ \
 \\/  ___)| |_)| | | | | || (_| |  ) ) ) )
  '  |____| .__|_| |_|_| |_\__, | / / / /
 =========|_|==============|___/=/_/_/_/
 :: Spring Boot ::                (v2.7.5)

2022-11-28 20:34:24.786  INFO 8388 --- [    Test worker] r.h.school.SchoolApplicationTests        : Starting SchoolApplicationTests using Java 18.0.1.1 on DESKTOP-H56HEL9 with PID 8388 (started by Igor in C:\Users\Igor\IdeaProjects\patern\school)
2022-11-28 20:34:24.787  INFO 8388 --- [    Test worker] r.h.school.SchoolApplicationTests        : No active profile set, falling back to 1 default profile: "default"
2022-11-28 20:34:25.133  INFO 8388 --- [    Test worker] .s.d.r.c.RepositoryConfigurationDelegate : Bootstrapping Spring Data JPA repositories in DEFAULT mode.
2022-11-28 20:34:25.157  INFO 8388 --- [    Test worker] .s.d.r.c.RepositoryConfigurationDelegate : Finished Spring Data repository scanning in 20 ms. Found 2 JPA repository interfaces.
2022-11-28 20:34:25.427  INFO 8388 --- [    Test worker] o.hibernate.jpa.internal.util.LogHelper  : HHH000204: Processing PersistenceUnitInfo [name: default]
2022-11-28 20:34:25.459  INFO 8388 --- [    Test worker] org.hibernate.Version                    : HHH000412: Hibernate ORM core version 5.6.12.Final
2022-11-28 20:34:25.540  INFO 8388 --- [    Test worker] o.hibernate.annotations.common.Version   : HCANN000001: Hibernate Commons Annotations {5.1.2.Final}
2022-11-28 20:34:25.594  INFO 8388 --- [    Test worker] com.zaxxer.hikari.HikariDataSource       : HikariPool-1 - Starting...
2022-11-28 20:34:25.712  INFO 8388 --- [    Test worker] com.zaxxer.hikari.HikariDataSource       : HikariPool-1 - Start completed.
2022-11-28 20:34:25.728  INFO 8388 --- [    Test worker] org.hibernate.dialect.Dialect            : HHH000400: Using dialect: org.hibernate.dialect.PostgreSQL10Dialect
2022-11-28 20:34:26.068  INFO 8388 --- [    Test worker] o.h.e.t.j.p.i.JtaPlatformInitiator       : HHH000490: Using JtaPlatform implementation: [org.hibernate.engine.transaction.jta.platform.internal.NoJtaPlatform]
2022-11-28 20:34:26.072  INFO 8388 --- [    Test worker] j.LocalContainerEntityManagerFactoryBean : Initialized JPA EntityManagerFactory for persistence unit 'default'
2022-11-28 20:34:26.429  WARN 8388 --- [    Test worker] JpaBaseConfiguration$JpaWebConfiguration : spring.jpa.open-in-view is enabled by default. Therefore, database queries may be performed during view rendering. Explicitly configure spring.jpa.open-in-view to disable this warning
2022-11-28 20:34:27.017  INFO 8388 --- [    Test worker] r.h.school.SchoolApplicationTests        : Started SchoolApplicationTests in 2.364 seconds (JVM running for 3.078)
]]></system-out>
  <system-err><![CDATA[]]></system-err>
</testsuite>
